<?xml version="1.0" encoding="UTF-8"?>
<testsuite xmlns:xsi="http://www.w3.org/2001/XMLSchema-instance" xsi:noNamespaceSchemaLocation="https://maven.apache.org/surefire/maven-surefire-plugin/xsd/surefire-test-report-3.0.xsd" version="3.0" name="com.erp.gateway.ErpApiGatewayApplicationTests" time="2.399" tests="1" errors="0" skipped="0" failures="0">
  <properties>
[...]
</properties>
  <testcase name="contextLoads" classname="com.erp.gateway.ErpApiGatewayApplicationTests" time="0.372">
    <system-out><![CDATA[11:25:31.887 [main] INFO org.springframework.test.context.support.AnnotationConfigContextLoaderUtils -- Could not detect default configuration classes for test class [com.erp.gateway.ErpApiGatewayApplicationTests]: ErpApiGatewayApplicationTests does not declare any static, non-private, non-final, nested classes annotated with @Configuration.
11:25:31.961 [main] INFO org.springframework.boot.test.context.SpringBootTestContextBootstrapper -- Found @SpringBootConfiguration com.erp.gateway.ErpApiGatewayApplication for test class com.erp.gateway.ErpApiGatewayApplicationTests

  .   ____          _            __ _ _
 /\\ / ___'_ __ _ _(_)_ __  __ _ \ \ \ \
( ( )\___ | '_ | '_| | '_ \/ _` | \ \ \ \
 \\/  ___)| |_)| | | | | || (_| |  ) ) ) )
  '  |____| .__|_| |_|_| |_\__, | / / / /
 =========|_|==============|___/=/_/_/_/

 :: Spring Boot ::                (v3.3.5)

2026-02-25T11:25:32.238+01:00  INFO 35624 --- [erp-api-gateway] [           main] c.e.g.ErpApiGatewayApplicationTests      : Starting ErpApiGatewayApplicationTests using Java 25.0.2 with PID 35624 (started by Desarrollos in F:\ERP OPENSOURCE\erp-api-gateway)
2026-02-25T11:25:32.239+01:00  INFO 35624 --- [erp-api-gateway] [           main] c.e.g.ErpApiGatewayApplicationTests      : No active profile set, falling back to 1 default profile: "default"
2026-02-25T11:25:32.889+01:00  INFO 35624 --- [erp-api-gateway] [           main] o.s.cloud.context.scope.GenericScope     : BeanFactory id=041119bf-7d22-338a-9c4e-5b8b8b51a480
2026-02-25T11:25:33.483+01:00  INFO 35624 --- [erp-api-gateway] [           main] o.s.c.g.r.RouteDefinitionRouteLocator    : Loaded RoutePredicateFactory [After]
2026-02-25T11:25:33.483+01:00  INFO 35624 --- [erp-api-gateway] [           main] o.s.c.g.r.RouteDefinitionRouteLocator    : Loaded RoutePredicateFactory [Before]
2026-02-25T11:25:33.483+01:00  INFO 35624 --- [erp-api-gateway] [           main] o.s.c.g.r.RouteDefinitionRouteLocator    : Loaded RoutePredicateFactory [Between]
2026-02-25T11:25:33.483+01:00  INFO 35624 --- [erp-api-gateway] [           main] o.s.c.g.r.RouteDefinitionRouteLocator    : Loaded RoutePredicateFactory [Cookie]
2026-02-25T11:25:33.483+01:00  INFO 35624 --- [erp-api-gateway] [           main] o.s.c.g.r.RouteDefinitionRouteLocator    : Loaded RoutePredicateFactory [Header]
2026-02-25T11:25:33.483+01:00  INFO 35624 --- [erp-api-gateway] [           main] o.s.c.g.r.RouteDefinitionRouteLocator    : Loaded RoutePredicateFactory [Host]
2026-02-25T11:25:33.483+01:00  INFO 35624 --- [erp-api-gateway] [           main] o.s.c.g.r.RouteDefinitionRouteLocator    : Loaded RoutePredicateFactory [Method]
2026-02-25T11:25:33.483+01:00  INFO 35624 --- [erp-api-gateway] [           main] o.s.c.g.r.RouteDefinitionRouteLocator    : Loaded RoutePredicateFactory [Path]
2026-02-25T11:25:33.483+01:00  INFO 35624 --- [erp-api-gateway] [           main] o.s.c.g.r.RouteDefinitionRouteLocator    : Loaded RoutePredicateFactory [Query]
2026-02-25T11:25:33.483+01:00  INFO 35624 --- [erp-api-gateway] [           main] o.s.c.g.r.RouteDefinitionRouteLocator    : Loaded RoutePredicateFactory [ReadBody]
2026-02-25T11:25:33.483+01:00  INFO 35624 --- [erp-api-gateway] [           main] o.s.c.g.r.RouteDefinitionRouteLocator    : Loaded RoutePredicateFactory [RemoteAddr]
2026-02-25T11:25:33.483+01:00  INFO 35624 --- [erp-api-gateway] [           main] o.s.c.g.r.RouteDefinitionRouteLocator    : Loaded RoutePredicateFactory [XForwardedRemoteAddr]
2026-02-25T11:25:33.483+01:00  INFO 35624 --- [erp-api-gateway] [           main] o.s.c.g.r.RouteDefinitionRouteLocator    : Loaded RoutePredicateFactory [Weight]
2026-02-25T11:25:33.483+01:00  INFO 35624 --- [erp-api-gateway] [           main] o.s.c.g.r.RouteDefinitionRouteLocator    : Loaded RoutePredicateFactory [CloudFoundryRouteService]
2026-02-25T11:25:33.651+01:00  INFO 35624 --- [erp-api-gateway] [           main] o.s.b.a.e.web.EndpointLinksResolver      : Exposing 1 endpoint beneath base path '/actuator'
2026-02-25T11:25:33.820+01:00  INFO 35624 --- [erp-api-gateway] [           main] c.e.g.ErpApiGatewayApplicationTests      : Started ErpApiGatewayApplicationTests in 1.775 seconds (process running for 2.457)
]]></system-out>
    <system-err><![CDATA[WARNING: A Java agent has been loaded dynamically (C:\Users\Desarrollos\.m2\repository\net\bytebuddy\byte-buddy-agent\1.14.19\byte-buddy-agent-1.14.19.jar)
WARNING: If a serviceability tool is in use, please run with -XX:+EnableDynamicAgentLoading to hide this warning
WARNING: If a serviceability tool is not in use, please run with -Djdk.instrument.traceUsage for more information
WARNING: Dynamic loading of agents will be disallowed by default in a future release
]]></system-err>
  </testcase>
</testsuite>